{
  "RSpec": {
    "coverage": {
      "/Users/chelseajohnson/Documents/turing/4module/thoughtbox/app/helpers/application_helper.rb": [
        1,
        null
      ],
      "/Users/chelseajohnson/Documents/turing/4module/thoughtbox/app/models/user.rb": [
        1,
        1,
        1,
        1,
        null
      ],
      "/Users/chelseajohnson/Documents/turing/4module/thoughtbox/app/controllers/links_controller.rb": [
        1,
        null,
        1,
        4,
        1,
        null,
        null,
        null,
        null
      ],
      "/Users/chelseajohnson/Documents/turing/4module/thoughtbox/app/controllers/application_controller.rb": [
        1,
        1,
        1,
        null,
        1,
        16,
        null,
        null,
        null
      ],
      "/Users/chelseajohnson/Documents/turing/4module/thoughtbox/app/controllers/sessions_controller.rb": [
        1,
        null,
        1,
        1,
        1,
        1,
        1,
        0,
        0,
        0,
        null,
        0,
        0,
        null,
        null,
        null,
        1,
        0,
        0,
        0,
        null,
        null
      ],
      "/Users/chelseajohnson/Documents/turing/4module/thoughtbox/app/controllers/users_controller.rb": [
        1,
        null,
        1,
        6,
        null,
        null,
        1,
        5,
        null,
        5,
        3,
        3,
        null,
        2,
        2,
        null,
        null,
        null,
        1,
        null,
        1,
        5,
        null,
        null
      ]
    },
    "timestamp": 1465233482
  }
}
