{
  "RSpec": {
    "coverage": {
      "/Users/chelseajohnson/Documents/turing/4module/thoughtbox/app/helpers/application_helper.rb": [
        1,
        null
      ],
      "/Users/chelseajohnson/Documents/turing/4module/thoughtbox/app/controllers/users_controller.rb": [
        1,
        1,
        1,
        1,
        null,
        null,
        1,
        0,
        null,
        0,
        0,
        0,
        null,
        0,
        0,
        null,
        null,
        null,
        1,
        null,
        1,
        0,
        null,
        null
      ],
      "/Users/chelseajohnson/Documents/turing/4module/thoughtbox/app/controllers/application_controller.rb": [
        1,
        null,
        null,
        1,
        null
      ]
    },
    "timestamp": 1465228368
  }
}
